cpu와 cuda 중 다음 기기로 학습함: cpu
trainset의 구성 요소 출력 :  {'text': <torchtext.legacy.data.field.OneHotField object at 0x7fb1f2a75e90>, 'label': <torchtext.legacy.data.field.Field object at 0x7fb1ecab5b10>}
testset의 구성 요소 출력 :  {'text': <torchtext.legacy.data.field.OneHotField object at 0x7fb1f2a75e90>}
{'text': ['W25', 'W26', 'W27', 'W19', 'W28', 'W29', 'W30', 'W31', 'W32', 'W33', 'W34', 'W35', 'W36', 'W37', 'W38', 'W39', 'W24', 'W40'], 'label': 'D11'}
W24 1362
W13 953
W32 908
W12 661
W38 454
W28 406
W19 380
W17 376
W97 349
W47 311
W110 283
W111 268
W45 258
W87 200
W122 193
W90 193
W113 187
W112 184
W494 176
W26 174
W46 166
W461 151
W36 145
W2 135
W516 117
W34 108
W93 108
W154 107
W4 95
W434 91
W1043 90
W183 88
W31 81
W433 79
W149 75
W188 74
W170 73
W281 65
W289 64
W204 63
W89 61
W387 58
W57 57
W228 56
W280 55
W15 54
W345 54
W206 52
W69 51
W349 46
W475 45
W495 45
W246 43
W290 43
W335 43
W49 43
W346 40
W348 39
W300 38
W64 38
W1206 35
W128 35
W253 35
W138 34
W328 34
W334 34
W417 33
W1 32
W337 32
W383 32
W526 32
W627 32
W68 32
W70 32
W385 31
W408 30
W66 30
W130 29
W367 29
W59 28
W910 28
W120 27
W457 27
W787 27
W1138 26
W1198 26
W441 26
W480 26
W493 26
W626 26
W354 25
W37 25
W55 25
W597 25
W666 25
W765 25
W104 24
W131 24
W553 24
W218 23
W330 23
W347 23
W401 23
W51 23
W216 22
W2899 22
W428 22
W429 22
W574 22
W755 22
W1004 21
W124 21
W168 21
W2220 21
W797 21
W1032 20
W1101 20
W1553 20
W2187 20
W2348 20
W3161 20
W336 20
W851 20
W1582 19
W160 19
W301 19
W391 19
W4701 19
W472 19
W537 19
W7 19
W963 19
W1372 18
W1580 18
W2552 18
W306 18
W321 18
W3280 18
W412 18
W703 18
W776 18
W867 18
W317 17
W39 17
W398 17
W505 17
W1220 16
W386 16
W42 16
W4469 16
W489 16
W56 16
W746 16
W84 16
W1017 15
W1124 15
W1128 15
W1732 15
W341 15
W370 15
W432 15
W498 15
W1014 14
W1145 14
W1160 14
W1181 14
W1335 14
W1397 14
W1419 14
W226 14
W2542 14
W2599 14
W312 14
W3628 14
W4081 14
W4110 14
W435 14
W438 14
W550 14
W617 14
W62 14
W663 14
W774 14
W795 14
W903 14
W909 14
W912 14
W925 14
W926 14
W939 14
W1058 13
W114 13
W119 13
W125 13
W1398 13
W1846 13
W222 13
W245 13
W2569 13
W3016 13
W325 13
W374 13
W406 13
W470 13
W1011 12
W1020 12
W1035 12
W1099 12
W1162 12
W1277 12
W152 12
W1524 12
W167 12
W1954 12
W2329 12
W2378 12
W2573 12
W2869 12
W3296 12
W3406 12
W350 12
W3553 12
W3635 12
W419 12
W427 12
W430 12
W50 12
W528 12
W533 12
W640 12
W722 12
W790 12
W934 12
W984 12
W1003 11
W1211 11
W1296 11
W1379 11
W1411 11
W1667 11
W2008 11
W252 11
W264 11
W275 11
W2889 11
W3739 11
W375 11
W388 11
W5053 11
W52 11
W658 11
W660 11
W791 11
W848 11
W904 11
W1041 10
W105 10
W1065 10
W1072 10
W1075 10
W1078 10
W1191 10
W133 10
W1428 10
W155 10
W1632 10
W1730 10
W1820 10
W187 10
W1895 10
W1966 10
W2047 10
W2061 10
W2106 10
W2200 10
W225 10
W238 10
W2486 10
W2568 10
W2580 10
W376 10
W447 10
W452 10
W468 10
W469 10
W496 10
W5220 10
W6 10
W608 10
W641 10
W642 10
W659 10
W707 10
W78 10
W803 10
W81 10
W836 10
W933 10
W1061 9
W109 9
W1127 9
W127 9
W1312 9
W2086 9
W215 9
W2584 9
W338 9
W3761 9
W512 9
W604 9
W689 9
W694 9
W804 9
W840 9
W927 9
W10 8
W1079 8
W1141 8
W115 8
W1195 8
W1196 8
W1200 8
W1248 8
W1275 8
W1305 8
W132 8
W134 8
W1343 8
W1382 8
W1409 8
W150 8
W1509 8
W1636 8
W1658 8
W1722 8
W1727 8
W1904 8
W1982 8
W2015 8
W2026 8
W2113 8
W2169 8
W224 8
W2242 8
W2277 8
W2344 8
W235 8
W2379 8
W2418 8
W2429 8
W259 8
W2692 8
W2697 8
W283 8
W286 8
W292 8
W2929 8
W2955 8
W302 8
W305 8
W310 8
W3122 8
W319 8
W3219 8
W326 8
W3294 8
W3346 8
W3804 8
W392 8
W3933 8
W400 8
W4563 8
W4756 8
W506 8
W515 8
W5206 8
W5221 8
W5224 8
W5234 8
W5238 8
W5392 8
W555 8
W588 8
W616 8
W67 8
W708 8
W721 8
W731 8
W844 8
W866 8
W921 8
W928 8
W94 8
W950 8
W951 8
W952 8
W953 8
W965 8
W972 8
W1097 7
W1120 7
W1209 7
W1375 7
W1383 7
W1643 7
W173 7
W2423 7
W2607 7
W270 7
W285 7
W3146 7
W3264 7
W3428 7
W344 7
W369 7
W426 7
W4331 7
W633 7
W747 7
W76 7
W800 7
W802 7
W809 7
W835 7
W98 7
W1030 6
W1085 6
W1093 6
W1130 6
W117 6
W1210 6
W1235 6
W1242 6
W1262 6
W1270 6
W1273 6
W1276 6
W1285 6
W1294 6
W1316 6
W1361 6
W1364 6
W1389 6
W1401 6
W1513 6
W1536 6
W1562 6
W1571 6
W158 6
W1586 6
W159 6
W1637 6
W1674 6
W1751 6
W1796 6
W1798 6
W1818 6
W1832 6
W1848 6
W1890 6
W1932 6
W1983 6
W1984 6
W1987 6
W1988 6
W2035 6
W2052 6
W2055 6
W2068 6
W2132 6
W2133 6
W214 6
W2160 6
W217 6
W2192 6
W2232 6
W2292 6
W2498 6
W2509 6
W2544 6
W2574 6
W2575 6
W2576 6
W2579 6
W2581 6
W2582 6
W2586 6
W2587 6
W2588 6
W2608 6
W2637 6
W2730 6
W278 6
W2783 6
W2823 6
W2892 6
W2961 6
W297 6
W3011 6
W3068 6
W308 6
W3117 6
W314 6
W3141 6
W3154 6
W3229 6
W324 6
W3279 6
W3286 6
W333 6
W3344 6
W340 6
W3404 6
W3422 6
W3506 6
W357 6
W363 6
W3647 6
W3668 6
W3755 6
W379 6
W3849 6
W389 6
W3931 6
W405 6
W4082 6
W409 6
W411 6
W4135 6
W414 6
W4158 6
W416 6
W421 6
W4251 6
W4359 6
W437 6
W4480 6
W4513 6
W456 6
W4682 6
W4705 6
W4721 6
W488 6
W4981 6
W5044 6
W5293 6
W5377 6
W54 6
W540 6
W566 6
W58 6
W592 6
W609 6
W646 6
W651 6
W665 6
W736 6
W748 6
W754 6
W763 6
W778 6
W858 6
W875 6
W901 6
W905 6
W908 6
W911 6
W92 6
W943 6
W949 6
W968 6
W1010 5
W1131 5
W1203 5
W1253 5
W1280 5
W1467 5
W1573 5
W1702 5
W1731 5
W1776 5
W2020 5
W2036 5
W2051 5
W2071 5
W2094 5
W2139 5
W2158 5
W2214 5
W2340 5
W2372 5
W2402 5
W287 5
W3002 5
W329 5
W3324 5
W3526 5
W3689 5
W397 5
W404 5
W4203 5
W43 5
W5 5
W507 5
W5107 5
W5380 5
W5387 5
W552 5
W568 5
W615 5
W634 5
W932 5
W95 5
W100 4
W1021 4
W1027 4
W1038 4
W1039 4
W1044 4
W1053 4
W106 4
W1074 4
W108 4
W1086 4
W1094 4
W1105 4
W1109 4
W1115 4
W1117 4
W1119 4
W1129 4
W1140 4
W1144 4
W1161 4
W1174 4
W1177 4
W1186 4
W1188 4
W1192 4
W1197 4
W1202 4
W1205 4
W1213 4
W1216 4
W1264 4
W1298 4
W1315 4
W1338 4
W1339 4
W1357 4
W1362 4
W1363 4
W1365 4
W1368 4
W137 4
W1373 4
W1388 4
W139 4
W1395 4
W1399 4
W1408 4
W141 4
W1440 4
W145 4
W1450 4
W1471 4
W1473 4
W1477 4
W1512 4
W1514 4
W1515 4
W1527 4
W1548 4
W16 4
W1601 4
W1603 4
W1606 4
W161 4
W1692 4
W1707 4
W1723 4
W1738 4
W1757 4
W1769 4
W1770 4
W1775 4
W1789 4
W18 4
W180 4
W1810 4
W1824 4
W1857 4
W1926 4
W1960 4
W1968 4
W1976 4
W1991 4
W2009 4
W203 4
W2039 4
W205 4
W2060 4
W2077 4
W2079 4
W2107 4
W212 4
W213 4
W2131 4
W2135 4
W2181 4
W2189 4
W219 4
W221 4
W2210 4
W2227 4
W2228 4
W223 4
W2251 4
W2253 4
W2261 4
W227 4
W2273 4
W230 4
W2315 4
W2321 4
W2339 4
W2345 4
W2391 4
W2407 4
W244 4
W2446 4
W2463 4
W2478 4
W2485 4
W249 4
W25 4
W250 4
W254 4
W2554 4
W2567 4
W2570 4
W2577 4
W2578 4
W2583 4
W2591 4
W2602 4
W2606 4
W2609 4
W2610 4
W2611 4
W263 4
W2654 4
W2656 4
W2658 4
W2677 4
W2678 4
W2696 4
W27 4
W2741 4
W2743 4
W2757 4
W2765 4
W277 4
W2775 4
W2832 4
W2870 4
W288 4
W2890 4
W2893 4
W2896 4
W2897 4
W2898 4
W2900 4
W291 4
W293 4
W2936 4
W2940 4
W2954 4
W2966 4
W2982 4
W299 4
W3000 4
W3012 4
W3024 4
W3069 4
W307 4
W3070 4
W3074 4
W3075 4
W3086 4
W3156 4
W3165 4
W3167 4
W3169 4
W3183 4
W3187 4
W3194 4
W3206 4
W3218 4
W322 4
W3248 4
W3263 4
W3265 4
W3275 4
W3284 4
W3290 4
W3297 4
W3299 4
W3300 4
W3301 4
W3306 4
W3325 4
W3326 4
W3329 4
W3358 4
W3381 4
W3384 4
W3394 4
W3484 4
W351 4
W3518 4
W3522 4
W3530 4
W3535 4
W3550 4
W3575 4
W3576 4
W3606 4
W3613 4
W3615 4
W3625 4
W3640 4
W3653 4
W3664 4
W3671 4
W3681 4
W3690 4
W3691 4
W3692 4
W3693 4
W3699 4
W3706 4
W3714 4
W3718 4
W3750 4
W377 4
W3814 4
W3826 4
W3852 4
W3860 4
W3892 4
W3929 4
W3939 4
W3948 4
W3949 4
W395 4
W3953 4
W3954 4
W3968 4
W4000 4
W4034 4
W4066 4
W4078 4
W4119 4
W4172 4
W418 4
W4196 4
W4199 4
W4232 4
W4262 4
W4283 4
W4351 4
W4352 4
W4361 4
W4391 4
W4407 4
W446 4
W4462 4
W4463 4
W4464 4
W4492 4
W4525 4
W4526 4
W4532 4
W4537 4
W4575 4
W4605 4
W462 4
W4627 4
W4696 4
W4700 4
W4706 4
W4719 4
W4752 4
W4789 4
W4966 4
W5008 4
W5009 4
W5020 4
W5025 4
W503 4
W5047 4
W5052 4
W5058 4
W5075 4
W5077 4
W5078 4
W5079 4
W5081 4
W5082 4
W5083 4
W5085 4
W5086 4
W5115 4
W5116 4
W5117 4
W5118 4
W5119 4
W5124 4
W5141 4
W5144 4
W5152 4
W5173 4
W5176 4
W5196 4
W5198 4
W5205 4
W5218 4
W5222 4
W5223 4
W5226 4
W5228 4
W5229 4
W5231 4
W5232 4
W5233 4
W5242 4
W5258 4
W5267 4
W5268 4
W5274 4
W5277 4
W5278 4
W5279 4
W5281 4
W5282 4
W5283 4
W53 4
W532 4
W5329 4
W5330 4
W5331 4
W5337 4
W5342 4
W5355 4
W5371 4
W5375 4
W5376 4
W5379 4
W5381 4
W5384 4
W5386 4
W5389 4
W5390 4
W5414 4
W5415 4
W548 4
W556 4
W559 4
W560 4
W577 4
W580 4
W582 4
W584 4
W593 4
W630 4
W639 4
W644 4
W647 4
W649 4
W654 4
W679 4
W725 4
W749 4
W786 4
W801 4
W806 4
W855 4
W861 4
W874 4
W88 4
W881 4
W890 4
W91 4
W920 4
W937 4
W940 4
W954 4
W967 4
W977 4
W978 4
W979 4
W982 4
W983 4
W1110 3
W1125 3
W1146 3
W1154 3
W1165 3
W1254 3
W1488 3
W1747 3
W1856 3
W1990 3
W2048 3
W2078 3
W220 3
W2355 3
W2360 3
W2451 3
W2507 3
W2612 3
W2732 3
W2750 3
W2776 3
W2987 3
W3010 3
W3188 3
W3270 3
W3287 3
W3451 3
W35 3
W3572 3
W3577 3
W358 3
W3666 3
W3942 3
W399 3
W4068 3
W4147 3
W4202 3
W4273 3
W4396 3
W4495 3
W4524 3
W4567 3
W4665 3
W4684 3
W4697 3
W5019 3
W5024 3
W5084 3
W5100 3
W5120 3
W5227 3
W5230 3
W5295 3
W5378 3
W5383 3
W5385 3
W601 3
W607 3
W636 3
W657 3
W667 3
W688 3
W83 3
W873 3
W900 3
W930 3
W931 3
W973 3
W1008 2
W1009 2
W1019 2
W1022 2
W1028 2
W1029 2
W103 2
W1034 2
W1037 2
W1042 2
W1045 2
W1046 2
W1047 2
W1060 2
W1066 2
W1083 2
W1087 2
W1088 2
W1090 2
W1091 2
W1096 2
W1102 2
W1103 2
W1104 2
W1106 2
W1111 2
W1116 2
W1118 2
W1122 2
W1126 2
W1133 2
W1139 2
W1142 2
W1143 2
W1147 2
W1148 2
W1149 2
W1150 2
W1151 2
W1153 2
W1159 2
W1169 2
W1175 2
W1182 2
W1183 2
W1193 2
W1194 2
W1204 2
W1208 2
W1214 2
W1228 2
W1243 2
W1252 2
W1255 2
W1256 2
W126 2
W1261 2
W1263 2
W1265 2
W1267 2
W1271 2
W1272 2
W1274 2
W1282 2
W1283 2
W1284 2
W1287 2
W1288 2
W129 2
W1299 2
W1306 2
W1307 2
W1310 2
W1311 2
W1325 2
W1326 2
W1329 2
W1331 2
W135 2
W1353 2
W1356 2
W1358 2
W136 2
W1371 2
W1386 2
W1387 2
W1392 2
W1393 2
W1394 2
W1396 2
W14 2
W140 2
W1410 2
W1412 2
W1413 2
W1414 2
W1415 2
W142 2
W1424 2
W1425 2
W1426 2
W1427 2
W1430 2
W1435 2
W1436 2
W1437 2
W1439 2
W144 2
W1444 2
W1446 2
W1449 2
W1457 2
W146 2
W1460 2
W1461 2
W1462 2
W1463 2
W1470 2
W1474 2
W1475 2
W1478 2
W1503 2
W1506 2
W1508 2
W151 2
W1510 2
W1511 2
W1516 2
W1517 2
W1520 2
W1521 2
W1526 2
W1528 2
W1538 2
W1543 2
W1544 2
W1545 2
W1546 2
W1547 2
W1554 2
W1555 2
W1557 2
W156 2
W1563 2
W157 2
W1587 2
W1588 2
W1605 2
W1613 2
W162 2
W1621 2
W1627 2
W163 2
W164 2
W1648 2
W1649 2
W165 2
W166 2
W1666 2
W1677 2
W169 2
W1691 2
W1697 2
W1698 2
W1713 2
W1733 2
W1736 2
W1737 2
W1743 2
W1753 2
W1767 2
W1777 2
W178 2
W1780 2
W1781 2
W1784 2
W1793 2
W1795 2
W1797 2
W1808 2
W181 2
W1814 2
W1819 2
W182 2
W1827 2
W1831 2
W184 2
W1843 2
W1847 2
W1852 2
W1853 2
W1861 2
W1866 2
W1868 2
W1869 2
W1871 2
W1874 2
W1876 2
W1881 2
W1886 2
W1889 2
W1893 2
W1896 2
W1905 2
W1915 2
W1918 2
W192 2
W1931 2
W1934 2
W1940 2
W1945 2
W1947 2
W1957 2
W1965 2
W1971 2
W1981 2
W1985 2
W1986 2
W1989 2
W199 2
W2004 2
W2005 2
W2006 2
W201 2
W2010 2
W2011 2
W2016 2
W2018 2
W2019 2
W202 2
W2024 2
W2025 2
W2027 2
W2028 2
W2032 2
W2037 2
W2038 2
W2040 2
W2041 2
W2042 2
W2043 2
W2044 2
W2045 2
W2046 2
W2049 2
W2050 2
W2053 2
W2054 2
W2059 2
W2063 2
W2066 2
W2067 2
W207 2
W2073 2
W2074 2
W208 2
W2080 2
W2083 2
W2084 2
W2085 2
W2087 2
W2088 2
W2089 2
W209 2
W21 2
W210 2
W2103 2
W2104 2
W2105 2
W2109 2
W211 2
W2112 2
W2125 2
W2130 2
W2140 2
W2141 2
W2142 2
W2143 2
W2144 2
W2145 2
W2146 2
W2147 2
W2148 2
W2149 2
W2151 2
W2152 2
W2154 2
W2155 2
W2156 2
W2157 2
W2159 2
W2167 2
W2168 2
W2178 2
W2188 2
W2201 2
W2208 2
W2218 2
W2229 2
W2230 2
W2231 2
W2234 2
W2239 2
W2247 2
W2248 2
W2269 2
W2270 2
W2271 2
W2272 2
W2274 2
W2281 2
W2288 2
W2293 2
W2296 2
W2297 2
W23 2
W2300 2
W2303 2
W2308 2
W2309 2
W231 2
W232 2
W2320 2
W2324 2
W2328 2
W2336 2
W2337 2
W2338 2
W2341 2
W2342 2
W2346 2
W2347 2
W2349 2
W2350 2
W2356 2
W2359 2
W236 2
W2361 2
W2362 2
W2363 2
W2369 2
W2380 2
W2382 2
W2385 2
W2389 2
W2396 2
W2397 2
W2398 2
W2399 2
W240 2
W2401 2
W2406 2
W2408 2
W2409 2
W241 2
W2410 2
W2411 2
W2412 2
W242 2
W2422 2
W2453 2
W2461 2
W2474 2
W2475 2
W2476 2
W2477 2
W248 2
W2505 2
W2506 2
W2508 2
W2510 2
W2515 2
W2516 2
W2518 2
W2528 2
W2543 2
W255 2
W2553 2
W2555 2
W2556 2
W2557 2
W2559 2
W256 2
W2564 2
W2565 2
W2572 2
W2585 2
W2590 2
W2598 2
W2605 2
W261 2
W262 2
W2640 2
W2644 2
W2645 2
W2649 2
W2650 2
W2653 2
W2666 2
W2672 2
W269 2
W2698 2
W2702 2
W2705 2
W2706 2
W271 2
W2710 2
W2729 2
W274 2
W2740 2
W2744 2
W2746 2
W2752 2
W2756 2
W2760 2
W2768 2
W2772 2
W2777 2
W2778 2
W2779 2
W2780 2
W2787 2
W279 2
W2793 2
W2794 2
W2795 2
W2805 2
W2808 2
W282 2
W2824 2
W2825 2
W2826 2
W2831 2
W2833 2
W2835 2
W284 2
W2842 2
W2843 2
W2844 2
W2856 2
W2882 2
W2886 2
W2887 2
W2888 2
W29 2
W2901 2
W2905 2
W2910 2
W2941 2
W2942 2
W2945 2
W2949 2
W2956 2
W2957 2
W296 2
W2964 2
W2965 2
W2978 2
W2979 2
W298 2
W2988 2
W2990 2
W2991 2
W2992 2
W2993 2
W2994 2
W3 2
W3003 2
W3007 2
W3013 2
W3023 2
W303 2
W304 2
W3042 2
W3049 2
W3050 2
W3067 2
W3076 2
W3079 2
W3080 2
W3084 2
W3085 2
W3087 2
W3088 2
W3089 2
W3090 2
W3092 2
W3098 2
W3107 2
W3108 2
W311 2
W3110 2
W3112 2
W3113 2
W3119 2
W3120 2
W3121 2
W3123 2
W3124 2
W3125 2
W3131 2
W3137 2
W3140 2
W3142 2
W3143 2
W3149 2
W3152 2
W3153 2
W3155 2
W3158 2
W316 2
W3162 2
W3164 2
W3168 2
W3171 2
W3180 2
W3182 2
W3184 2
W3185 2
W3186 2
W3189 2
W3190 2
W3195 2
W3196 2
W3197 2
W3198 2
W3199 2
W3200 2
W3201 2
W3202 2
W3203 2
W3207 2
W3208 2
W3213 2
W3214 2
W3216 2
W3227 2
W3228 2
W323 2
W3231 2
W3234 2
W3247 2
W3249 2
W3252 2
W3253 2
W3254 2
W3267 2
W3268 2
W3269 2
W3271 2
W3273 2
W3274 2
W3276 2
W3277 2
W3278 2
W3281 2
W3288 2
W3289 2
W3293 2
W3295 2
W3298 2
W33 2
W3309 2
W331 2
W3319 2
W3320 2
W3321 2
W3328 2
W3332 2
W3342 2
W3343 2
W3347 2
W3376 2
W3386 2
W339 2
W3392 2
W3397 2
W3402 2
W3403 2
W3405 2
W3407 2
W3408 2
W3410 2
W342 2
W3423 2
W3425 2
W3426 2
W3427 2
W3429 2
W343 2
W3445 2
W3446 2
W3448 2
W3449 2
W3456 2
W3462 2
W3465 2
W3466 2
W3469 2
W3487 2
W3502 2
W3504 2
W3510 2
W3511 2
W3512 2
W3513 2
W3516 2
W3517 2
W3520 2
W3524 2
W3525 2
W3527 2
W3528 2
W3529 2
W3531 2
W3536 2
W3537 2
W3538 2
W3539 2
W3540 2
W3541 2
W3543 2
W3545 2
W3546 2
W3547 2
W3548 2
W355 2
W3554 2
W3555 2
W3556 2
W3557 2
W3558 2
W356 2
W3560 2
W3562 2
W3563 2
W3564 2
W3565 2
W3566 2
W3573 2
W3574 2
W3578 2
W3580 2
W3581 2
W3582 2
W3586 2
W3588 2
W359 2
W3596 2
W3603 2
W3614 2
W3616 2
W3618 2
W3619 2
W3620 2
W3621 2
W3622 2
W3623 2
W3624 2
W3626 2
W3629 2
W3630 2
W3631 2
W3633 2
W3636 2
W364 2
W3644 2
W3645 2
W3649 2
W365 2
W3650 2
W3651 2
W3652 2
W3654 2
W3656 2
W366 2
W3660 2
W3661 2
W3662 2
W3663 2
W3665 2
W368 2
W3682 2
W3683 2
W3694 2
W3695 2
W3696 2
W3697 2
W3698 2
W3700 2
W371 2
W3719 2
W372 2
W3727 2
W3728 2
W3729 2
W373 2
W3730 2
W3731 2
W3732 2
W3743 2
W3748 2
W3749 2
W3751 2
W3752 2
W3753 2
W3754 2
W3756 2
W3757 2
W3758 2
W3759 2
W3764 2
W3768 2
W3769 2
W378 2
W3781 2
W3784 2
W3785 2
W3786 2
W3787 2
W3788 2
W3789 2
W3791 2
W3795 2
W3799 2
W380 2
W3802 2
W3803 2
W3805 2
W3806 2
W3809 2
W3810 2
W3815 2
W3816 2
W3821 2
W3823 2
W3825 2
W3827 2
W3842 2
W3848 2
W3850 2
W3851 2
W3854 2
W3855 2
W3856 2
W3857 2
W3858 2
W3859 2
W3862 2
W3863 2
W3865 2
W3866 2
W3867 2
W3868 2
W3869 2
W3870 2
W3872 2
W3874 2
W3890 2
W3891 2
W3893 2
W3898 2
W3901 2
W3902 2
W3903 2
W3904 2
W3905 2
W3907 2
W3908 2
W3909 2
W3910 2
W3911 2
W3912 2
W393 2
W3930 2
W3932 2
W3935 2
W3936 2
W3937 2
W3938 2
W394 2
W3945 2
W3950 2
W3951 2
W3952 2
W3955 2
W3957 2
W3958 2
W3959 2
W3967 2
W3970 2
W3972 2
W3977 2
W3978 2
W3979 2
W3980 2
W3989 2
W3990 2
W40 2
W4004 2
W4006 2
W4007 2
W4012 2
W4013 2
W4014 2
W4025 2
W4028 2
W403 2
W4038 2
W4039 2
W4042 2
W4043 2
W4046 2
W4047 2
W4048 2
W4049 2
W4050 2
W4051 2
W4052 2
W4057 2
W407 2
W4080 2
W4083 2
W4094 2
W4097 2
W41 2
W4105 2
W4114 2
W4115 2
W4116 2
W4117 2
W4118 2
W4120 2
W4122 2
W4123 2
W4126 2
W4128 2
W4129 2
W413 2
W4130 2
W4139 2
W4140 2
W4141 2
W4143 2
W4144 2
W4145 2
W4146 2
W4148 2
W4159 2
W4160 2
W4162 2
W4163 2
W4164 2
W4165 2
W4168 2
W4170 2
W4173 2
W4176 2
W4177 2
W4178 2
W4179 2
W4180 2
W4181 2
W4201 2
W4205 2
W4206 2
W4207 2
W4208 2
W4213 2
W4217 2
W4228 2
W4231 2
W4238 2
W4244 2
W4259 2
W4261 2
W4265 2
W4266 2
W4268 2
W4274 2
W4275 2
W4276 2
W4277 2
W4278 2
W4279 2
W4280 2
W4284 2
W4285 2
W4286 2
W4288 2
W4289 2
W4290 2
W4291 2
W4293 2
W4304 2
W4306 2
W4309 2
W4315 2
W4316 2
W4318 2
W4319 2
W4336 2
W4344 2
W4346 2
W4347 2
W4348 2
W4349 2
W4350 2
W4353 2
W4355 2
W4356 2
W4357 2
W436 2
W4384 2
W4385 2
W4386 2
W4395 2
W4397 2
W44 2
W440 2
W4408 2
W4409 2
W4410 2
W4411 2
W4413 2
W4414 2
W4418 2
W4423 2
W4424 2
W4427 2
W4428 2
W443 2
W4437 2
W4451 2
W4454 2
W4470 2
W4476 2
W4477 2
W4478 2
W4479 2
W4493 2
W4498 2
W450 2
W4503 2
W4504 2
W4505 2
W4528 2
W4531 2
W4534 2
W4538 2
W4544 2
W4553 2
W4559 2
W4560 2
W4561 2
W4574 2
W4577 2
W4579 2
W4582 2
W4583 2
W4584 2
W4596 2
W4598 2
W4599 2
W4607 2
W4618 2
W4624 2
W4649 2
W465 2
W466 2
W4663 2
W4666 2
W4667 2
W467 2
W4670 2
W4671 2
W4672 2
W4676 2
W4698 2
W4699 2
W4702 2
W4704 2
W4707 2
W4708 2
W4716 2
W4720 2
W4722 2
W4723 2
W4724 2
W4725 2
W4726 2
W4728 2
W4738 2
W4739 2
W4740 2
W4741 2
W4742 2
W4746 2
W4747 2
W4749 2
W4766 2
W4768 2
W4771 2
W4772 2
W4773 2
W4777 2
W4778 2
W4801 2
W4802 2
W4803 2
W4808 2
W4824 2
W4834 2
W4848 2
W4849 2
W485 2
W4850 2
W4854 2
W4858 2
W4862 2
W4873 2
W4874 2
W4879 2
W4880 2
W4881 2
W4882 2
W4883 2
W4888 2
W4889 2
W4890 2
W4898 2
W4901 2
W4902 2
W4916 2
W4917 2
W4918 2
W4920 2
W4921 2
W4926 2
W4928 2
W4937 2
W4944 2
W4945 2
W4947 2
W4948 2
W4963 2
W4964 2
W4965 2
W4967 2
W497 2
W4971 2
W4972 2
W4973 2
W4974 2
W4979 2
W4980 2
W4983 2
W4989 2
W4990 2
W500 2
W5005 2
W5006 2
W5007 2
W5010 2
W5011 2
W5012 2
W5026 2
W5028 2
W5033 2
W5037 2
W5038 2
W5046 2
W5056 2
W5070 2
W5076 2
W5080 2
W5087 2
W5094 2
W5095 2
W5096 2
W5101 2
W5102 2
W5112 2
W5114 2
W5122 2
W5123 2
W5125 2
W5126 2
W5127 2
W5128 2
W5129 2
W5130 2
W5132 2
W5133 2
W5138 2
W5139 2
W5140 2
W5142 2
W5145 2
W5146 2
W5147 2
W5150 2
W5157 2
W5158 2
W5159 2
W5160 2
W5161 2
W5162 2
W5163 2
W5164 2
W5165 2
W5166 2
W5167 2
W5168 2
W5169 2
W5170 2
W5171 2
W5172 2
W5174 2
W5175 2
W5177 2
W5178 2
W5185 2
W5186 2
W5187 2
W520 2
W5201 2
W5202 2
W5203 2
W5204 2
W5210 2
W5211 2
W5212 2
W5213 2
W5214 2
W5215 2
W5216 2
W5217 2
W5219 2
W5235 2
W5236 2
W5239 2
W5240 2
W5241 2
W5245 2
W5246 2
W5247 2
W5248 2
W5250 2
W5251 2
W5252 2
W5253 2
W5254 2
W5261 2
W5262 2
W5263 2
W5264 2
W5265 2
W5269 2
W527 2
W5275 2
W5276 2
W5280 2
W5284 2
W5285 2
W5286 2
W5292 2
W5294 2
W5296 2
W5297 2
W5298 2
W5299 2
W5301 2
W5303 2
W5304 2
W5305 2
W5306 2
W5308 2
W5310 2
W5311 2
W534 2
W5346 2
W535 2
W5352 2
W5353 2
W5354 2
W5356 2
W5357 2
W5358 2
W5359 2
W536 2
W5360 2
W5368 2
W5370 2
W5374 2
W538 2
W539 2
W5391 2
W5403 2
W5405 2
W5406 2
W5408 2
W5409 2
W5410 2
W5411 2
W5412 2
W5413 2
W5416 2
W5417 2
W5418 2
W5419 2
W5420 2
W5421 2
W5422 2
W5423 2
W5424 2
W5425 2
W5426 2
W5427 2
W5428 2
W543 2
W5430 2
W5431 2
W5432 2
W545 2
W551 2
W563 2
W567 2
W575 2
W576 2
W583 2
W585 2
W586 2
W587 2
W591 2
W595 2
W599 2
W60 2
W61 2
W610 2
W625 2
W635 2
W638 2
W645 2
W661 2
W664 2
W678 2
W680 2
W690 2
W692 2
W693 2
W698 2
W723 2
W737 2
W744 2
W75 2
W756 2
W757 2
W767 2
W768 2
W788 2
W789 2
W796 2
W798 2
W799 2
W8 2
W805 2
W807 2
W808 2
W837 2
W841 2
W845 2
W85 2
W852 2
W853 2
W854 2
W856 2
W863 2
W864 2
W865 2
W879 2
W886 2
W887 2
W888 2
W889 2
W893 2
W894 2
W895 2
W896 2
W899 2
W902 2
W913 2
W916 2
W918 2
W919 2
W923 2
W929 2
W935 2
W936 2
W938 2
W941 2
W946 2
W955 2
W956 2
W96 2
W962 2
W970 2
W971 2
W974 2
W975 2
W976 2
W980 2
W981 2
W99 2
W990 2
W993 2
W999 2
W1015 1
W1016 1
W1031 1
W1036 1
W1073 1
W1107 1
W1152 1
W1164 1
W1167 1
W118 1
W1227 1
W123 1
W1269 1
W1366 1
W1438 1
W1452 1
W1482 1
W1487 1
W1507 1
W1651 1
W1783 1
W1807 1
W1834 1
W1870 1
W1935 1
W1936 1
W2034 1
W2118 1
W2122 1
W2150 1
W2153 1
W2172 1
W229 1
W2357 1
W2358 1
W2377 1
W2443 1
W2464 1
W247 1
W251 1
W2531 1
W2563 1
W2671 1
W2722 1
W2742 1
W2769 1
W2782 1
W2792 1
W2872 1
W2943 1
W2944 1
W2995 1
W30 1
W3051 1
W3066 1
W3072 1
W309 1
W3109 1
W3114 1
W3116 1
W3118 1
W3144 1
W3181 1
W3192 1
W3193 1
W3272 1
W3283 1
W3292 1
W332 1
W3345 1
W3444 1
W3459 1
W3505 1
W3507 1
W3521 1
W3549 1
W3600 1
W3648 1
W3655 1
W3667 1
W3701 1
W3790 1
W3820 1
W3822 1
W3861 1
W3864 1
W3871 1
W3896 1
W3897 1
W3920 1
W3923 1
W3934 1
W3956 1
W3960 1
W4015 1
W4127 1
W4161 1
W4169 1
W4171 1
W4186 1
W4200 1
W4204 1
W4221 1
W4258 1
W4267 1
W4333 1
W4334 1
W4354 1
W4417 1
W4512 1
W4562 1
W4585 1
W4593 1
W463 1
W464 1
W4693 1
W4703 1
W4735 1
W4736 1
W4764 1
W4767 1
W48 1
W4857 1
W4863 1
W4927 1
W4941 1
W4946 1
W4994 1
W501 1
W5034 1
W5113 1
W5131 1
W5136 1
W5237 1
W5287 1
W5288 1
W5291 1
W5307 1
W5325 1
W5367 1
W5373 1
W5399 1
W5404 1
W5429 1
W589 1
W600 1
W605 1
W623 1
W662 1
W684 1
W706 1
W719 1
W726 1
W764 1
W86 1
W969 1
W996 1
D20 542
D12 400
D15 286
D1 162
D16 122
D3 98
D28 60
D4 36
D17 20
D5 16
D11 14
D27 12
D19 10
D13 6
D6 6
D18 4
D21 2
D32 2
D7 2
단어 집합의 크기 : 2548
클래스의 개수 : 19
defaultdict(None, {'D20': 0, 'D12': 1, 'D15': 2, 'D1': 3, 'D16': 4, 'D3': 5, 'D28': 6, 'D4': 7, 'D17': 8, 'D5': 9, 'D11': 10, 'D27': 11, 'D19': 12, 'D13': 13, 'D6': 14, 'D18': 15, 'D21': 16, 'D32': 17, 'D7': 18})
train 데이터의 미니 배치의 개수 : 113
test 데이터의 미니 배치의 개수 : 7
| epoch   1 |    20/  113 batches | accuracy    0.042
| epoch   1 |    40/  113 batches | accuracy    0.064
| epoch   1 |    60/  113 batches | accuracy    0.095
| epoch   1 |    80/  113 batches | accuracy    0.105
| epoch   1 |   100/  113 batches | accuracy    0.116
